0 silly input [ 'publish' ]
1 silly flags {
1 silly flags   _: [ 'publish' ],
1 silly flags   'reject-cycles': false,
1 silly flags   rejectCycles: false,
1 silly flags   'force-publish': '*',
1 silly flags   forcePublish: '*'
1 silly flags }
2 verbose rootPath /Users/xiaohuoni/Documents/GitHub/antd-mobile-plus
3 info version 2.11.0
4 silly isInitialized
5 silly isInitialized true
6 silly existsSync /Users/xiaohuoni/Documents/GitHub/antd-mobile-plus/VERSION
7 silly initialize attempt
8 info current version 0.0.1
9 silly isDetachedHead
10 silly getCurrentBranch
11 verbose getCurrentBranch master
12 verbose isDetachedHead false
13 silly getCurrentBranch
14 verbose getCurrentBranch master
15 silly getUpdates
16 info Checking for updated packages...
17 silly hasTags
18 verbose hasTags false
19 info Comparing with initial commit.
20 verbose updated @alitajs/antd-mobile-plus
21 verbose updated @alitajs/antd-mobile
22 verbose updated @alitajs/languages
23 verbose updated @alitajs/theme
24 verbose updated @alitajs/tracker
25 info Checking for prereleased packages...
26 silly collectDependents
27 silly isPackageDependentOf @alitajs/antd-mobile-plus @alitajs/antd-mobile-plus
28 silly isPackageDependentOf @alitajs/tracker @alitajs/antd-mobile-plus
29 silly isPackageDependentOf @alitajs/languages @alitajs/antd-mobile-plus
30 silly isPackageDependentOf @alitajs/theme @alitajs/antd-mobile-plus
31 silly isPackageDependentOf @alitajs/antd-mobile-plus @alitajs/antd-mobile
32 silly isPackageDependentOf @alitajs/tracker @alitajs/antd-mobile
33 silly isPackageDependentOf @alitajs/languages @alitajs/antd-mobile
34 silly isPackageDependentOf @alitajs/theme @alitajs/antd-mobile
35 silly isPackageDependentOf @alitajs/antd-mobile-plus @alitajs/languages
36 verbose dependent @alitajs/antd-mobile-plus depends on @alitajs/languages
37 silly isPackageDependentOf @alitajs/antd-mobile-plus @alitajs/theme
38 verbose dependent @alitajs/antd-mobile-plus depends on @alitajs/theme
39 silly isPackageDependentOf @alitajs/antd-mobile-plus @alitajs/tracker
40 verbose dependent @alitajs/antd-mobile-plus depends on @alitajs/tracker
41 silly isPackageDependentOf @alitajs/antd-mobile @alitajs/antd-mobile-plus
42 silly isPackageDependentOf @alitajs/tracker @alitajs/antd-mobile-plus
43 silly isPackageDependentOf @alitajs/languages @alitajs/antd-mobile-plus
44 silly isPackageDependentOf @alitajs/theme @alitajs/antd-mobile-plus
45 silly isPackageDependentOf @alitajs/antd-mobile @alitajs/antd-mobile
46 silly isPackageDependentOf @alitajs/tracker @alitajs/antd-mobile
47 silly isPackageDependentOf @alitajs/languages @alitajs/antd-mobile
48 silly isPackageDependentOf @alitajs/theme @alitajs/antd-mobile
49 silly isPackageDependentOf @alitajs/antd-mobile @alitajs/languages
50 verbose dependent @alitajs/antd-mobile depends on @alitajs/languages
51 silly isPackageDependentOf @alitajs/antd-mobile @alitajs/theme
52 verbose dependent @alitajs/antd-mobile depends on @alitajs/theme
53 silly isPackageDependentOf @alitajs/antd-mobile @alitajs/tracker
54 verbose dependent @alitajs/antd-mobile depends on @alitajs/tracker
55 silly isPackageDependentOf @alitajs/languages @alitajs/antd-mobile-plus
56 silly isPackageDependentOf @alitajs/languages @alitajs/antd-mobile
57 silly isPackageDependentOf @alitajs/languages @alitajs/languages
58 silly isPackageDependentOf @alitajs/languages @alitajs/theme
59 silly isPackageDependentOf @alitajs/languages @alitajs/tracker
60 silly isPackageDependentOf @alitajs/theme @alitajs/antd-mobile-plus
61 silly isPackageDependentOf @alitajs/theme @alitajs/antd-mobile
62 silly isPackageDependentOf @alitajs/theme @alitajs/languages
63 silly isPackageDependentOf @alitajs/theme @alitajs/theme
64 silly isPackageDependentOf @alitajs/theme @alitajs/tracker
65 silly isPackageDependentOf @alitajs/tracker @alitajs/antd-mobile-plus
66 silly isPackageDependentOf @alitajs/tracker @alitajs/antd-mobile
67 silly isPackageDependentOf @alitajs/tracker @alitajs/languages
68 silly isPackageDependentOf @alitajs/tracker @alitajs/theme
69 silly isPackageDependentOf @alitajs/tracker @alitajs/tracker
70 silly collectUpdates
71 verbose has filtered update @alitajs/antd-mobile-plus
72 verbose has filtered update @alitajs/antd-mobile
73 verbose has filtered update @alitajs/languages
74 verbose has filtered update @alitajs/theme
75 verbose has filtered update @alitajs/tracker
76 silly initialize success
77 silly execute attempt
78 silly addFile /Users/xiaohuoni/Documents/GitHub/antd-mobile-plus/lerna.json
79 silly runScriptSync preversion undefined
80 silly runScriptSync preversion @alitajs/antd-mobile-plus
81 silly runScriptSync version @alitajs/antd-mobile-plus
82 silly runScriptSync preversion @alitajs/antd-mobile
83 silly runScriptSync version @alitajs/antd-mobile
84 silly runScriptSync preversion @alitajs/languages
85 silly runScriptSync version @alitajs/languages
86 silly runScriptSync preversion @alitajs/theme
87 silly runScriptSync version @alitajs/theme
88 silly runScriptSync preversion @alitajs/tracker
89 silly runScriptSync version @alitajs/tracker
90 silly runScriptSync version undefined
91 silly addFile /Users/xiaohuoni/Documents/GitHub/antd-mobile-plus/packages/antd-mobile-plus/package.json
92 silly addFile /Users/xiaohuoni/Documents/GitHub/antd-mobile-plus/packages/antd-mobile/package.json
93 silly addFile /Users/xiaohuoni/Documents/GitHub/antd-mobile-plus/packages/languages/package.json
94 silly addFile /Users/xiaohuoni/Documents/GitHub/antd-mobile-plus/packages/theme/package.json
95 silly addFile /Users/xiaohuoni/Documents/GitHub/antd-mobile-plus/packages/tracker/package.json
96 silly commit v0.0.2
97 verbose commit [ 'commit', '--no-verify', '-m', 'v0.0.2' ]
98 silly addTag v0.0.2
99 silly runScriptSync postversion @alitajs/antd-mobile-plus
100 silly runScriptSync postversion @alitajs/antd-mobile
101 silly runScriptSync postversion @alitajs/languages
102 silly runScriptSync postversion @alitajs/theme
103 silly runScriptSync postversion @alitajs/tracker
104 silly runScriptSync postversion undefined
105 info publish Publishing packages to npm...
106 silly existsSync /Users/xiaohuoni/Documents/GitHub/antd-mobile-plus/packages/antd-mobile-plus/scripts/prepublish.js
107 verbose execScript No prepublish script found at /Users/xiaohuoni/Documents/GitHub/antd-mobile-plus/packages/antd-mobile-plus/scripts/prepublish.js
108 silly existsSync /Users/xiaohuoni/Documents/GitHub/antd-mobile-plus/packages/antd-mobile/scripts/prepublish.js
109 verbose execScript No prepublish script found at /Users/xiaohuoni/Documents/GitHub/antd-mobile-plus/packages/antd-mobile/scripts/prepublish.js
110 silly existsSync /Users/xiaohuoni/Documents/GitHub/antd-mobile-plus/packages/languages/scripts/prepublish.js
111 verbose execScript No prepublish script found at /Users/xiaohuoni/Documents/GitHub/antd-mobile-plus/packages/languages/scripts/prepublish.js
112 silly existsSync /Users/xiaohuoni/Documents/GitHub/antd-mobile-plus/packages/theme/scripts/prepublish.js
113 verbose execScript No prepublish script found at /Users/xiaohuoni/Documents/GitHub/antd-mobile-plus/packages/theme/scripts/prepublish.js
114 silly existsSync /Users/xiaohuoni/Documents/GitHub/antd-mobile-plus/packages/tracker/scripts/prepublish.js
115 verbose execScript No prepublish script found at /Users/xiaohuoni/Documents/GitHub/antd-mobile-plus/packages/tracker/scripts/prepublish.js
116 verbose publishing @alitajs/languages
117 silly publishTaggedInDir latest languages
118 silly getExecOpts {
118 silly getExecOpts   cwd: '/Users/xiaohuoni/Documents/GitHub/antd-mobile-plus/packages/languages',
118 silly getExecOpts   env: {
118 silly getExecOpts     npm_package_devDependencies_lint_staged: '^10.2.11',
118 silly getExecOpts     npm_package_devDependencies_prettier: '^2.1.2',
118 silly getExecOpts     npm_package_scripts_ci: 'npm run lint && npm run compile && npm run test',
118 silly getExecOpts     npm_package_devDependencies__types_babel__traverse: '7.0.15',
118 silly getExecOpts     rvm_bin_path: '/Users/xiaohuoni/.rvm/bin',
118 silly getExecOpts     TERM_PROGRAM: 'vscode',
118 silly getExecOpts     NODE: '/usr/local/bin/node',
118 silly getExecOpts     npm_config_version_git_tag: 'true',
118 silly getExecOpts     GEM_HOME: '/Users/xiaohuoni/.rvm/gems/ruby-2.5.1',
118 silly getExecOpts     INIT_CWD: '/Users/xiaohuoni/Documents/GitHub/antd-mobile-plus',
118 silly getExecOpts     npm_package_devDependencies_dumi_theme_mobile: '^1.0.0',
118 silly getExecOpts     SHELL: '/bin/zsh',
118 silly getExecOpts     TERM: 'xterm-256color',
118 silly getExecOpts     TMPDIR: '/var/folders/9s/9nwcdfp14s99v2t634mc857c0000gn/T/',
118 silly getExecOpts     IRBRC: '/Users/xiaohuoni/.rvm/rubies/ruby-2.5.1/.irbrc',
118 silly getExecOpts     npm_config_email: '448627663@qq.com',
118 silly getExecOpts     npm_config_init_license: 'MIT',
118 silly getExecOpts     npm_package_scripts_lint: 'prettier packages/**/*.{ts,tsx} --check && stylelint packages/**/*.less',
118 silly getExecOpts     TERM_PROGRAM_VERSION: '1.52.1',
118 silly getExecOpts     ORIGINAL_XDG_CURRENT_DESKTOP: 'undefined',
118 silly getExecOpts     npm_package_devDependencies__types_classnames: '^2.2.10',
118 silly getExecOpts     MY_RUBY_HOME: '/Users/xiaohuoni/.rvm/rubies/ruby-2.5.1',
118 silly getExecOpts     npm_config_registry: 'https://registry.npmjs.org',
118 silly getExecOpts     npm_package_private: 'true',
118 silly getExecOpts     npm_package_devDependencies_yorkie: '^2.0.0',
118 silly getExecOpts     ZSH: '/Users/xiaohuoni/.oh-my-zsh',
118 silly getExecOpts     npm_package_devDependencies__types_babel__core: '7.1.12',
118 silly getExecOpts     npm_package_readmeFilename: 'README.md',
118 silly getExecOpts     npm_config_python: '/usr/bin/python',
118 silly getExecOpts     npm_package_devDependencies__testing_library_react: '^10.4.7',
118 silly getExecOpts     npm_package_description: '这是一个使用 antd-mobile@3 中的规范，从新规划的基于 antd-mobile@2 组件的基础上开发的业务组件。',
118 silly getExecOpts     USER: 'xiaohuoni',
118 silly getExecOpts     npm_package_devDependencies__umijs_test: '^3.2.25',
118 silly getExecOpts     _system_type: 'Darwin',
118 silly getExecOpts     rvm_path: '/Users/xiaohuoni/.rvm',
118 silly getExecOpts     npm_package_devDependencies_cnpm: '6.1.1',
118 silly getExecOpts     SSH_AUTH_SOCK: '/private/tmp/com.apple.launchd.YlpYbbazlf/Listeners',
118 silly getExecOpts     npm_package_devDependencies__types_jest: '^26.0.15',
118 silly getExecOpts     __CF_USER_TEXT_ENCODING: '0x1F5:0x19:0x34',
118 silly getExecOpts     npm_execpath: '/usr/local/Cellar/yarn/1.9.4/libexec/bin/yarn.js',
118 silly getExecOpts     PAGER: 'less',
118 silly getExecOpts     npm_package_devDependencies_babel_plugin_version: '^0.2.3',
118 silly getExecOpts     LSCOLORS: 'Gxfxcxdxbxegedabagacad',
118 silly getExecOpts     rvm_prefix: '/Users/xiaohuoni',
118 silly getExecOpts     npm_package_devDependencies__umijs_types: '^3.2.25',
118 silly getExecOpts     npm_config_argv: '{"remain":[],"cooked":["run","pub"],"original":["pub"]}',
118 silly getExecOpts     PATH: '/Users/xiaohuoni/Documents/GitHub/antd-mobile-plus/node_modules/.bin:/Users/xiaohuoni/.config/yarn/link/node_modules/.bin:/Users/xiaohuoni/Documents/GitHub/antd-mobile-plus/node_modules/.bin:/Users/xiaohuoni/Documents/GitHub/antd-mobile-plus/node_modules/.bin:/Users/xiaohuoni/.config/yarn/link/node_modules/.bin:/Users/xiaohuoni/Documents/GitHub/antd-mobile-plus/node_modules/.bin:/usr/local/libexec/lib/node_modules/npm/bin/node-gyp-bin:/usr/local/lib/node_modules/npm/bin/node-gyp-bin:/usr/local/bin/node_modules/npm/bin/node-gyp-bin:/Users/xiaohuoni/.rvm/gems/ruby-2.5.1/bin:/Users/xiaohuoni/.rvm/gems/ruby-2.5.1@global/bin:/Users/xiaohuoni/.rvm/rubies/ruby-2.5.1/bin:/usr/local/bin:/usr/bin:/bin:/usr/sbin:/sbin:/Library/Apple/usr/bin:/Users/xiaohuoni/.rvm/gems/ruby-2.5.1/bin:/Users/xiaohuoni/.rvm/gems/ruby-2.5.1@global/bin:/Users/xiaohuoni/.rvm/rubies/ruby-2.5.1/bin:/Users/xiaohuoni/.cargo/bin:/Users/xiaohuoni/.rvm/bin',
118 silly getExecOpts     _: '/Users/xiaohuoni/Documents/GitHub/antd-mobile-plus/node_modules/.bin/lerna',
118 silly getExecOpts     npm_package_devDependencies_npm_run_all: '^4.1.5',
118 silly getExecOpts     PWD: '/Users/xiaohuoni/Documents/GitHub/antd-mobile-plus',
118 silly getExecOpts     npm_package_scripts_pub: 'lerna publish --force-publish=*',
118 silly getExecOpts     npm_lifecycle_event: 'pub',
118 silly getExecOpts     npm_package_name: '',
118 silly getExecOpts     LANG: 'en_US.UTF-8',
118 silly getExecOpts     npm_config_version_commit_hooks: 'true',
118 silly getExecOpts     npm_package_scripts_start: 'dumi dev',
118 silly getExecOpts     npm_package_scripts_build: 'dumi build',
118 silly getExecOpts     npm_config_username: 'xiaohuoni',
118 silly getExecOpts     npm_package_devDependencies_dumi: '^1.1.0',
118 silly getExecOpts     XPC_FLAGS: '0x0',
118 silly getExecOpts     _system_arch: 'x86_64',
118 silly getExecOpts     npm_config_bin_links: 'true',
118 silly getExecOpts     npm_package_devDependencies__umijs_utils: '^3.2.25',
118 silly getExecOpts     _system_version: '10.15',
118 silly getExecOpts     npm_package_version: '',
118 silly getExecOpts     XPC_SERVICE_NAME: '0',
118 silly getExecOpts     rvm_version: '1.29.4 (latest)',
118 silly getExecOpts     npm_package_gitHooks_commit_msg: 'node scripts/verifyCommit.js',
118 silly getExecOpts     HOME: '/Users/xiaohuoni',
118 silly getExecOpts     SHLVL: '2',
118 silly getExecOpts     npm_package_scripts_test: 'umi-test --coverage',
118 silly getExecOpts     VSCODE_GIT_ASKPASS_MAIN: '/Applications/Visual Studio Code.app/Contents/Resources/app/extensions/git/dist/askpass-main.js',
118 silly getExecOpts     npm_config_strict_ssl: 'true',
118 silly getExecOpts     npm_config_save_prefix: '^',
118 silly getExecOpts     npm_config_version_git_message: 'v%s',
118 silly getExecOpts     npm_package_scripts_bootstrap: 'lerna bootstrap',
118 silly getExecOpts     npm_package_devDependencies_husky: '^3.1.0',
118 silly getExecOpts     npm_package_scripts_compile: 'father-build',
118 silly getExecOpts     NPM_CONFIG_PYTHON: '/usr/bin/python',
118 silly getExecOpts     npm_package_scripts_format: 'prettier packages/**/*.{ts,tsx} --write && stylelint packages/**/*.less --fix',
118 silly getExecOpts     YARN_WRAP_OUTPUT: 'false',
118 silly getExecOpts     LOGNAME: 'xiaohuoni',
118 silly getExecOpts     LESS: '-R',
118 silly getExecOpts     npm_lifecycle_script: 'lerna publish --force-publish=*',
118 silly getExecOpts     PREFIX: '/usr/local',
118 silly getExecOpts     GEM_PATH: '/Users/xiaohuoni/.rvm/gems/ruby-2.5.1:/Users/xiaohuoni/.rvm/gems/ruby-2.5.1@global',
118 silly getExecOpts     VSCODE_GIT_IPC_HANDLE: '/var/folders/9s/9nwcdfp14s99v2t634mc857c0000gn/T/vscode-git-01b6e99d49.sock',
118 silly getExecOpts     npm_config_user_agent: 'yarn/1.9.4 npm/? node/v12.18.0 darwin x64',
118 silly getExecOpts     npm_config_ignore_scripts: '',
118 silly getExecOpts     npm_config_version_git_sign: '',
118 silly getExecOpts     npm_package_gitHooks_pre_commit: 'npm run ci',
118 silly getExecOpts     npm_package_devDependencies__types_node: '^14.0.27',
118 silly getExecOpts     GIT_ASKPASS: '/Applications/Visual Studio Code.app/Contents/Resources/app/extensions/git/dist/askpass.sh',
118 silly getExecOpts     VSCODE_GIT_ASKPASS_NODE: '/Applications/Visual Studio Code.app/Contents/Frameworks/Code Helper (Renderer).app/Contents/MacOS/Code Helper (Renderer)',
118 silly getExecOpts     npm_package_devDependencies_lerna: '2.11.0',
118 silly getExecOpts     npm_config_ignore_optional: '',
118 silly getExecOpts     npm_config_init_version: '1.0.0',
118 silly getExecOpts     RUBY_VERSION: 'ruby-2.5.1',
118 silly getExecOpts     npm_package_workspaces_0: 'packages/*',
118 silly getExecOpts     _system_name: 'OSX',
118 silly getExecOpts     npm_config_version_tag_prefix: 'v',
118 silly getExecOpts     npm_package_devDependencies_father_build: '^1.18.5',
118 silly getExecOpts     npm_node_execpath: '/usr/local/bin/node',
118 silly getExecOpts     COLORTERM: 'truecolor'
118 silly getExecOpts   }
118 silly getExecOpts }
119 verbose publishing @alitajs/theme
120 silly publishTaggedInDir latest theme
121 silly getExecOpts {
121 silly getExecOpts   cwd: '/Users/xiaohuoni/Documents/GitHub/antd-mobile-plus/packages/theme',
121 silly getExecOpts   env: {
121 silly getExecOpts     npm_package_devDependencies_lint_staged: '^10.2.11',
121 silly getExecOpts     npm_package_devDependencies_prettier: '^2.1.2',
121 silly getExecOpts     npm_package_scripts_ci: 'npm run lint && npm run compile && npm run test',
121 silly getExecOpts     npm_package_devDependencies__types_babel__traverse: '7.0.15',
121 silly getExecOpts     rvm_bin_path: '/Users/xiaohuoni/.rvm/bin',
121 silly getExecOpts     TERM_PROGRAM: 'vscode',
121 silly getExecOpts     NODE: '/usr/local/bin/node',
121 silly getExecOpts     npm_config_version_git_tag: 'true',
121 silly getExecOpts     GEM_HOME: '/Users/xiaohuoni/.rvm/gems/ruby-2.5.1',
121 silly getExecOpts     INIT_CWD: '/Users/xiaohuoni/Documents/GitHub/antd-mobile-plus',
121 silly getExecOpts     npm_package_devDependencies_dumi_theme_mobile: '^1.0.0',
121 silly getExecOpts     SHELL: '/bin/zsh',
121 silly getExecOpts     TERM: 'xterm-256color',
121 silly getExecOpts     TMPDIR: '/var/folders/9s/9nwcdfp14s99v2t634mc857c0000gn/T/',
121 silly getExecOpts     IRBRC: '/Users/xiaohuoni/.rvm/rubies/ruby-2.5.1/.irbrc',
121 silly getExecOpts     npm_config_email: '448627663@qq.com',
121 silly getExecOpts     npm_config_init_license: 'MIT',
121 silly getExecOpts     npm_package_scripts_lint: 'prettier packages/**/*.{ts,tsx} --check && stylelint packages/**/*.less',
121 silly getExecOpts     TERM_PROGRAM_VERSION: '1.52.1',
121 silly getExecOpts     ORIGINAL_XDG_CURRENT_DESKTOP: 'undefined',
121 silly getExecOpts     npm_package_devDependencies__types_classnames: '^2.2.10',
121 silly getExecOpts     MY_RUBY_HOME: '/Users/xiaohuoni/.rvm/rubies/ruby-2.5.1',
121 silly getExecOpts     npm_config_registry: 'https://registry.npmjs.org',
121 silly getExecOpts     npm_package_private: 'true',
121 silly getExecOpts     npm_package_devDependencies_yorkie: '^2.0.0',
121 silly getExecOpts     ZSH: '/Users/xiaohuoni/.oh-my-zsh',
121 silly getExecOpts     npm_package_devDependencies__types_babel__core: '7.1.12',
121 silly getExecOpts     npm_package_readmeFilename: 'README.md',
121 silly getExecOpts     npm_config_python: '/usr/bin/python',
121 silly getExecOpts     npm_package_devDependencies__testing_library_react: '^10.4.7',
121 silly getExecOpts     npm_package_description: '这是一个使用 antd-mobile@3 中的规范，从新规划的基于 antd-mobile@2 组件的基础上开发的业务组件。',
121 silly getExecOpts     USER: 'xiaohuoni',
121 silly getExecOpts     npm_package_devDependencies__umijs_test: '^3.2.25',
121 silly getExecOpts     _system_type: 'Darwin',
121 silly getExecOpts     rvm_path: '/Users/xiaohuoni/.rvm',
121 silly getExecOpts     npm_package_devDependencies_cnpm: '6.1.1',
121 silly getExecOpts     SSH_AUTH_SOCK: '/private/tmp/com.apple.launchd.YlpYbbazlf/Listeners',
121 silly getExecOpts     npm_package_devDependencies__types_jest: '^26.0.15',
121 silly getExecOpts     __CF_USER_TEXT_ENCODING: '0x1F5:0x19:0x34',
121 silly getExecOpts     npm_execpath: '/usr/local/Cellar/yarn/1.9.4/libexec/bin/yarn.js',
121 silly getExecOpts     PAGER: 'less',
121 silly getExecOpts     npm_package_devDependencies_babel_plugin_version: '^0.2.3',
121 silly getExecOpts     LSCOLORS: 'Gxfxcxdxbxegedabagacad',
121 silly getExecOpts     rvm_prefix: '/Users/xiaohuoni',
121 silly getExecOpts     npm_package_devDependencies__umijs_types: '^3.2.25',
121 silly getExecOpts     npm_config_argv: '{"remain":[],"cooked":["run","pub"],"original":["pub"]}',
121 silly getExecOpts     PATH: '/Users/xiaohuoni/Documents/GitHub/antd-mobile-plus/node_modules/.bin:/Users/xiaohuoni/.config/yarn/link/node_modules/.bin:/Users/xiaohuoni/Documents/GitHub/antd-mobile-plus/node_modules/.bin:/Users/xiaohuoni/Documents/GitHub/antd-mobile-plus/node_modules/.bin:/Users/xiaohuoni/.config/yarn/link/node_modules/.bin:/Users/xiaohuoni/Documents/GitHub/antd-mobile-plus/node_modules/.bin:/usr/local/libexec/lib/node_modules/npm/bin/node-gyp-bin:/usr/local/lib/node_modules/npm/bin/node-gyp-bin:/usr/local/bin/node_modules/npm/bin/node-gyp-bin:/Users/xiaohuoni/.rvm/gems/ruby-2.5.1/bin:/Users/xiaohuoni/.rvm/gems/ruby-2.5.1@global/bin:/Users/xiaohuoni/.rvm/rubies/ruby-2.5.1/bin:/usr/local/bin:/usr/bin:/bin:/usr/sbin:/sbin:/Library/Apple/usr/bin:/Users/xiaohuoni/.rvm/gems/ruby-2.5.1/bin:/Users/xiaohuoni/.rvm/gems/ruby-2.5.1@global/bin:/Users/xiaohuoni/.rvm/rubies/ruby-2.5.1/bin:/Users/xiaohuoni/.cargo/bin:/Users/xiaohuoni/.rvm/bin',
121 silly getExecOpts     _: '/Users/xiaohuoni/Documents/GitHub/antd-mobile-plus/node_modules/.bin/lerna',
121 silly getExecOpts     npm_package_devDependencies_npm_run_all: '^4.1.5',
121 silly getExecOpts     PWD: '/Users/xiaohuoni/Documents/GitHub/antd-mobile-plus',
121 silly getExecOpts     npm_package_scripts_pub: 'lerna publish --force-publish=*',
121 silly getExecOpts     npm_lifecycle_event: 'pub',
121 silly getExecOpts     npm_package_name: '',
121 silly getExecOpts     LANG: 'en_US.UTF-8',
121 silly getExecOpts     npm_config_version_commit_hooks: 'true',
121 silly getExecOpts     npm_package_scripts_start: 'dumi dev',
121 silly getExecOpts     npm_package_scripts_build: 'dumi build',
121 silly getExecOpts     npm_config_username: 'xiaohuoni',
121 silly getExecOpts     npm_package_devDependencies_dumi: '^1.1.0',
121 silly getExecOpts     XPC_FLAGS: '0x0',
121 silly getExecOpts     _system_arch: 'x86_64',
121 silly getExecOpts     npm_config_bin_links: 'true',
121 silly getExecOpts     npm_package_devDependencies__umijs_utils: '^3.2.25',
121 silly getExecOpts     _system_version: '10.15',
121 silly getExecOpts     npm_package_version: '',
121 silly getExecOpts     XPC_SERVICE_NAME: '0',
121 silly getExecOpts     rvm_version: '1.29.4 (latest)',
121 silly getExecOpts     npm_package_gitHooks_commit_msg: 'node scripts/verifyCommit.js',
121 silly getExecOpts     HOME: '/Users/xiaohuoni',
121 silly getExecOpts     SHLVL: '2',
121 silly getExecOpts     npm_package_scripts_test: 'umi-test --coverage',
121 silly getExecOpts     VSCODE_GIT_ASKPASS_MAIN: '/Applications/Visual Studio Code.app/Contents/Resources/app/extensions/git/dist/askpass-main.js',
121 silly getExecOpts     npm_config_strict_ssl: 'true',
121 silly getExecOpts     npm_config_save_prefix: '^',
121 silly getExecOpts     npm_config_version_git_message: 'v%s',
121 silly getExecOpts     npm_package_scripts_bootstrap: 'lerna bootstrap',
121 silly getExecOpts     npm_package_devDependencies_husky: '^3.1.0',
121 silly getExecOpts     npm_package_scripts_compile: 'father-build',
121 silly getExecOpts     NPM_CONFIG_PYTHON: '/usr/bin/python',
121 silly getExecOpts     npm_package_scripts_format: 'prettier packages/**/*.{ts,tsx} --write && stylelint packages/**/*.less --fix',
121 silly getExecOpts     YARN_WRAP_OUTPUT: 'false',
121 silly getExecOpts     LOGNAME: 'xiaohuoni',
121 silly getExecOpts     LESS: '-R',
121 silly getExecOpts     npm_lifecycle_script: 'lerna publish --force-publish=*',
121 silly getExecOpts     PREFIX: '/usr/local',
121 silly getExecOpts     GEM_PATH: '/Users/xiaohuoni/.rvm/gems/ruby-2.5.1:/Users/xiaohuoni/.rvm/gems/ruby-2.5.1@global',
121 silly getExecOpts     VSCODE_GIT_IPC_HANDLE: '/var/folders/9s/9nwcdfp14s99v2t634mc857c0000gn/T/vscode-git-01b6e99d49.sock',
121 silly getExecOpts     npm_config_user_agent: 'yarn/1.9.4 npm/? node/v12.18.0 darwin x64',
121 silly getExecOpts     npm_config_ignore_scripts: '',
121 silly getExecOpts     npm_config_version_git_sign: '',
121 silly getExecOpts     npm_package_gitHooks_pre_commit: 'npm run ci',
121 silly getExecOpts     npm_package_devDependencies__types_node: '^14.0.27',
121 silly getExecOpts     GIT_ASKPASS: '/Applications/Visual Studio Code.app/Contents/Resources/app/extensions/git/dist/askpass.sh',
121 silly getExecOpts     VSCODE_GIT_ASKPASS_NODE: '/Applications/Visual Studio Code.app/Contents/Frameworks/Code Helper (Renderer).app/Contents/MacOS/Code Helper (Renderer)',
121 silly getExecOpts     npm_package_devDependencies_lerna: '2.11.0',
121 silly getExecOpts     npm_config_ignore_optional: '',
121 silly getExecOpts     npm_config_init_version: '1.0.0',
121 silly getExecOpts     RUBY_VERSION: 'ruby-2.5.1',
121 silly getExecOpts     npm_package_workspaces_0: 'packages/*',
121 silly getExecOpts     _system_name: 'OSX',
121 silly getExecOpts     npm_config_version_tag_prefix: 'v',
121 silly getExecOpts     npm_package_devDependencies_father_build: '^1.18.5',
121 silly getExecOpts     npm_node_execpath: '/usr/local/bin/node',
121 silly getExecOpts     COLORTERM: 'truecolor'
121 silly getExecOpts   }
121 silly getExecOpts }
122 verbose publishing @alitajs/tracker
123 silly publishTaggedInDir latest tracker
124 silly getExecOpts {
124 silly getExecOpts   cwd: '/Users/xiaohuoni/Documents/GitHub/antd-mobile-plus/packages/tracker',
124 silly getExecOpts   env: {
124 silly getExecOpts     npm_package_devDependencies_lint_staged: '^10.2.11',
124 silly getExecOpts     npm_package_devDependencies_prettier: '^2.1.2',
124 silly getExecOpts     npm_package_scripts_ci: 'npm run lint && npm run compile && npm run test',
124 silly getExecOpts     npm_package_devDependencies__types_babel__traverse: '7.0.15',
124 silly getExecOpts     rvm_bin_path: '/Users/xiaohuoni/.rvm/bin',
124 silly getExecOpts     TERM_PROGRAM: 'vscode',
124 silly getExecOpts     NODE: '/usr/local/bin/node',
124 silly getExecOpts     npm_config_version_git_tag: 'true',
124 silly getExecOpts     GEM_HOME: '/Users/xiaohuoni/.rvm/gems/ruby-2.5.1',
124 silly getExecOpts     INIT_CWD: '/Users/xiaohuoni/Documents/GitHub/antd-mobile-plus',
124 silly getExecOpts     npm_package_devDependencies_dumi_theme_mobile: '^1.0.0',
124 silly getExecOpts     SHELL: '/bin/zsh',
124 silly getExecOpts     TERM: 'xterm-256color',
124 silly getExecOpts     TMPDIR: '/var/folders/9s/9nwcdfp14s99v2t634mc857c0000gn/T/',
124 silly getExecOpts     IRBRC: '/Users/xiaohuoni/.rvm/rubies/ruby-2.5.1/.irbrc',
124 silly getExecOpts     npm_config_email: '448627663@qq.com',
124 silly getExecOpts     npm_config_init_license: 'MIT',
124 silly getExecOpts     npm_package_scripts_lint: 'prettier packages/**/*.{ts,tsx} --check && stylelint packages/**/*.less',
124 silly getExecOpts     TERM_PROGRAM_VERSION: '1.52.1',
124 silly getExecOpts     ORIGINAL_XDG_CURRENT_DESKTOP: 'undefined',
124 silly getExecOpts     npm_package_devDependencies__types_classnames: '^2.2.10',
124 silly getExecOpts     MY_RUBY_HOME: '/Users/xiaohuoni/.rvm/rubies/ruby-2.5.1',
124 silly getExecOpts     npm_config_registry: 'https://registry.npmjs.org',
124 silly getExecOpts     npm_package_private: 'true',
124 silly getExecOpts     npm_package_devDependencies_yorkie: '^2.0.0',
124 silly getExecOpts     ZSH: '/Users/xiaohuoni/.oh-my-zsh',
124 silly getExecOpts     npm_package_devDependencies__types_babel__core: '7.1.12',
124 silly getExecOpts     npm_package_readmeFilename: 'README.md',
124 silly getExecOpts     npm_config_python: '/usr/bin/python',
124 silly getExecOpts     npm_package_devDependencies__testing_library_react: '^10.4.7',
124 silly getExecOpts     npm_package_description: '这是一个使用 antd-mobile@3 中的规范，从新规划的基于 antd-mobile@2 组件的基础上开发的业务组件。',
124 silly getExecOpts     USER: 'xiaohuoni',
124 silly getExecOpts     npm_package_devDependencies__umijs_test: '^3.2.25',
124 silly getExecOpts     _system_type: 'Darwin',
124 silly getExecOpts     rvm_path: '/Users/xiaohuoni/.rvm',
124 silly getExecOpts     npm_package_devDependencies_cnpm: '6.1.1',
124 silly getExecOpts     SSH_AUTH_SOCK: '/private/tmp/com.apple.launchd.YlpYbbazlf/Listeners',
124 silly getExecOpts     npm_package_devDependencies__types_jest: '^26.0.15',
124 silly getExecOpts     __CF_USER_TEXT_ENCODING: '0x1F5:0x19:0x34',
124 silly getExecOpts     npm_execpath: '/usr/local/Cellar/yarn/1.9.4/libexec/bin/yarn.js',
124 silly getExecOpts     PAGER: 'less',
124 silly getExecOpts     npm_package_devDependencies_babel_plugin_version: '^0.2.3',
124 silly getExecOpts     LSCOLORS: 'Gxfxcxdxbxegedabagacad',
124 silly getExecOpts     rvm_prefix: '/Users/xiaohuoni',
124 silly getExecOpts     npm_package_devDependencies__umijs_types: '^3.2.25',
124 silly getExecOpts     npm_config_argv: '{"remain":[],"cooked":["run","pub"],"original":["pub"]}',
124 silly getExecOpts     PATH: '/Users/xiaohuoni/Documents/GitHub/antd-mobile-plus/node_modules/.bin:/Users/xiaohuoni/.config/yarn/link/node_modules/.bin:/Users/xiaohuoni/Documents/GitHub/antd-mobile-plus/node_modules/.bin:/Users/xiaohuoni/Documents/GitHub/antd-mobile-plus/node_modules/.bin:/Users/xiaohuoni/.config/yarn/link/node_modules/.bin:/Users/xiaohuoni/Documents/GitHub/antd-mobile-plus/node_modules/.bin:/usr/local/libexec/lib/node_modules/npm/bin/node-gyp-bin:/usr/local/lib/node_modules/npm/bin/node-gyp-bin:/usr/local/bin/node_modules/npm/bin/node-gyp-bin:/Users/xiaohuoni/.rvm/gems/ruby-2.5.1/bin:/Users/xiaohuoni/.rvm/gems/ruby-2.5.1@global/bin:/Users/xiaohuoni/.rvm/rubies/ruby-2.5.1/bin:/usr/local/bin:/usr/bin:/bin:/usr/sbin:/sbin:/Library/Apple/usr/bin:/Users/xiaohuoni/.rvm/gems/ruby-2.5.1/bin:/Users/xiaohuoni/.rvm/gems/ruby-2.5.1@global/bin:/Users/xiaohuoni/.rvm/rubies/ruby-2.5.1/bin:/Users/xiaohuoni/.cargo/bin:/Users/xiaohuoni/.rvm/bin',
124 silly getExecOpts     _: '/Users/xiaohuoni/Documents/GitHub/antd-mobile-plus/node_modules/.bin/lerna',
124 silly getExecOpts     npm_package_devDependencies_npm_run_all: '^4.1.5',
124 silly getExecOpts     PWD: '/Users/xiaohuoni/Documents/GitHub/antd-mobile-plus',
124 silly getExecOpts     npm_package_scripts_pub: 'lerna publish --force-publish=*',
124 silly getExecOpts     npm_lifecycle_event: 'pub',
124 silly getExecOpts     npm_package_name: '',
124 silly getExecOpts     LANG: 'en_US.UTF-8',
124 silly getExecOpts     npm_config_version_commit_hooks: 'true',
124 silly getExecOpts     npm_package_scripts_start: 'dumi dev',
124 silly getExecOpts     npm_package_scripts_build: 'dumi build',
124 silly getExecOpts     npm_config_username: 'xiaohuoni',
124 silly getExecOpts     npm_package_devDependencies_dumi: '^1.1.0',
124 silly getExecOpts     XPC_FLAGS: '0x0',
124 silly getExecOpts     _system_arch: 'x86_64',
124 silly getExecOpts     npm_config_bin_links: 'true',
124 silly getExecOpts     npm_package_devDependencies__umijs_utils: '^3.2.25',
124 silly getExecOpts     _system_version: '10.15',
124 silly getExecOpts     npm_package_version: '',
124 silly getExecOpts     XPC_SERVICE_NAME: '0',
124 silly getExecOpts     rvm_version: '1.29.4 (latest)',
124 silly getExecOpts     npm_package_gitHooks_commit_msg: 'node scripts/verifyCommit.js',
124 silly getExecOpts     HOME: '/Users/xiaohuoni',
124 silly getExecOpts     SHLVL: '2',
124 silly getExecOpts     npm_package_scripts_test: 'umi-test --coverage',
124 silly getExecOpts     VSCODE_GIT_ASKPASS_MAIN: '/Applications/Visual Studio Code.app/Contents/Resources/app/extensions/git/dist/askpass-main.js',
124 silly getExecOpts     npm_config_strict_ssl: 'true',
124 silly getExecOpts     npm_config_save_prefix: '^',
124 silly getExecOpts     npm_config_version_git_message: 'v%s',
124 silly getExecOpts     npm_package_scripts_bootstrap: 'lerna bootstrap',
124 silly getExecOpts     npm_package_devDependencies_husky: '^3.1.0',
124 silly getExecOpts     npm_package_scripts_compile: 'father-build',
124 silly getExecOpts     NPM_CONFIG_PYTHON: '/usr/bin/python',
124 silly getExecOpts     npm_package_scripts_format: 'prettier packages/**/*.{ts,tsx} --write && stylelint packages/**/*.less --fix',
124 silly getExecOpts     YARN_WRAP_OUTPUT: 'false',
124 silly getExecOpts     LOGNAME: 'xiaohuoni',
124 silly getExecOpts     LESS: '-R',
124 silly getExecOpts     npm_lifecycle_script: 'lerna publish --force-publish=*',
124 silly getExecOpts     PREFIX: '/usr/local',
124 silly getExecOpts     GEM_PATH: '/Users/xiaohuoni/.rvm/gems/ruby-2.5.1:/Users/xiaohuoni/.rvm/gems/ruby-2.5.1@global',
124 silly getExecOpts     VSCODE_GIT_IPC_HANDLE: '/var/folders/9s/9nwcdfp14s99v2t634mc857c0000gn/T/vscode-git-01b6e99d49.sock',
124 silly getExecOpts     npm_config_user_agent: 'yarn/1.9.4 npm/? node/v12.18.0 darwin x64',
124 silly getExecOpts     npm_config_ignore_scripts: '',
124 silly getExecOpts     npm_config_version_git_sign: '',
124 silly getExecOpts     npm_package_gitHooks_pre_commit: 'npm run ci',
124 silly getExecOpts     npm_package_devDependencies__types_node: '^14.0.27',
124 silly getExecOpts     GIT_ASKPASS: '/Applications/Visual Studio Code.app/Contents/Resources/app/extensions/git/dist/askpass.sh',
124 silly getExecOpts     VSCODE_GIT_ASKPASS_NODE: '/Applications/Visual Studio Code.app/Contents/Frameworks/Code Helper (Renderer).app/Contents/MacOS/Code Helper (Renderer)',
124 silly getExecOpts     npm_package_devDependencies_lerna: '2.11.0',
124 silly getExecOpts     npm_config_ignore_optional: '',
124 silly getExecOpts     npm_config_init_version: '1.0.0',
124 silly getExecOpts     RUBY_VERSION: 'ruby-2.5.1',
124 silly getExecOpts     npm_package_workspaces_0: 'packages/*',
124 silly getExecOpts     _system_name: 'OSX',
124 silly getExecOpts     npm_config_version_tag_prefix: 'v',
124 silly getExecOpts     npm_package_devDependencies_father_build: '^1.18.5',
124 silly getExecOpts     npm_node_execpath: '/usr/local/bin/node',
124 silly getExecOpts     COLORTERM: 'truecolor'
124 silly getExecOpts   }
124 silly getExecOpts }
125 error publish Retrying failed publish: @alitajs/languages
126 verbose publish error undefined
127 verbose publishing @alitajs/languages
128 silly publishTaggedInDir latest languages
129 silly getExecOpts {
129 silly getExecOpts   cwd: '/Users/xiaohuoni/Documents/GitHub/antd-mobile-plus/packages/languages',
129 silly getExecOpts   env: {
129 silly getExecOpts     npm_package_devDependencies_lint_staged: '^10.2.11',
129 silly getExecOpts     npm_package_devDependencies_prettier: '^2.1.2',
129 silly getExecOpts     npm_package_scripts_ci: 'npm run lint && npm run compile && npm run test',
129 silly getExecOpts     npm_package_devDependencies__types_babel__traverse: '7.0.15',
129 silly getExecOpts     rvm_bin_path: '/Users/xiaohuoni/.rvm/bin',
129 silly getExecOpts     TERM_PROGRAM: 'vscode',
129 silly getExecOpts     NODE: '/usr/local/bin/node',
129 silly getExecOpts     npm_config_version_git_tag: 'true',
129 silly getExecOpts     GEM_HOME: '/Users/xiaohuoni/.rvm/gems/ruby-2.5.1',
129 silly getExecOpts     INIT_CWD: '/Users/xiaohuoni/Documents/GitHub/antd-mobile-plus',
129 silly getExecOpts     npm_package_devDependencies_dumi_theme_mobile: '^1.0.0',
129 silly getExecOpts     SHELL: '/bin/zsh',
129 silly getExecOpts     TERM: 'xterm-256color',
129 silly getExecOpts     TMPDIR: '/var/folders/9s/9nwcdfp14s99v2t634mc857c0000gn/T/',
129 silly getExecOpts     IRBRC: '/Users/xiaohuoni/.rvm/rubies/ruby-2.5.1/.irbrc',
129 silly getExecOpts     npm_config_email: '448627663@qq.com',
129 silly getExecOpts     npm_config_init_license: 'MIT',
129 silly getExecOpts     npm_package_scripts_lint: 'prettier packages/**/*.{ts,tsx} --check && stylelint packages/**/*.less',
129 silly getExecOpts     TERM_PROGRAM_VERSION: '1.52.1',
129 silly getExecOpts     ORIGINAL_XDG_CURRENT_DESKTOP: 'undefined',
129 silly getExecOpts     npm_package_devDependencies__types_classnames: '^2.2.10',
129 silly getExecOpts     MY_RUBY_HOME: '/Users/xiaohuoni/.rvm/rubies/ruby-2.5.1',
129 silly getExecOpts     npm_config_registry: 'https://registry.npmjs.org',
129 silly getExecOpts     npm_package_private: 'true',
129 silly getExecOpts     npm_package_devDependencies_yorkie: '^2.0.0',
129 silly getExecOpts     ZSH: '/Users/xiaohuoni/.oh-my-zsh',
129 silly getExecOpts     npm_package_devDependencies__types_babel__core: '7.1.12',
129 silly getExecOpts     npm_package_readmeFilename: 'README.md',
129 silly getExecOpts     npm_config_python: '/usr/bin/python',
129 silly getExecOpts     npm_package_devDependencies__testing_library_react: '^10.4.7',
129 silly getExecOpts     npm_package_description: '这是一个使用 antd-mobile@3 中的规范，从新规划的基于 antd-mobile@2 组件的基础上开发的业务组件。',
129 silly getExecOpts     USER: 'xiaohuoni',
129 silly getExecOpts     npm_package_devDependencies__umijs_test: '^3.2.25',
129 silly getExecOpts     _system_type: 'Darwin',
129 silly getExecOpts     rvm_path: '/Users/xiaohuoni/.rvm',
129 silly getExecOpts     npm_package_devDependencies_cnpm: '6.1.1',
129 silly getExecOpts     SSH_AUTH_SOCK: '/private/tmp/com.apple.launchd.YlpYbbazlf/Listeners',
129 silly getExecOpts     npm_package_devDependencies__types_jest: '^26.0.15',
129 silly getExecOpts     __CF_USER_TEXT_ENCODING: '0x1F5:0x19:0x34',
129 silly getExecOpts     npm_execpath: '/usr/local/Cellar/yarn/1.9.4/libexec/bin/yarn.js',
129 silly getExecOpts     PAGER: 'less',
129 silly getExecOpts     npm_package_devDependencies_babel_plugin_version: '^0.2.3',
129 silly getExecOpts     LSCOLORS: 'Gxfxcxdxbxegedabagacad',
129 silly getExecOpts     rvm_prefix: '/Users/xiaohuoni',
129 silly getExecOpts     npm_package_devDependencies__umijs_types: '^3.2.25',
129 silly getExecOpts     npm_config_argv: '{"remain":[],"cooked":["run","pub"],"original":["pub"]}',
129 silly getExecOpts     PATH: '/Users/xiaohuoni/Documents/GitHub/antd-mobile-plus/node_modules/.bin:/Users/xiaohuoni/.config/yarn/link/node_modules/.bin:/Users/xiaohuoni/Documents/GitHub/antd-mobile-plus/node_modules/.bin:/Users/xiaohuoni/Documents/GitHub/antd-mobile-plus/node_modules/.bin:/Users/xiaohuoni/.config/yarn/link/node_modules/.bin:/Users/xiaohuoni/Documents/GitHub/antd-mobile-plus/node_modules/.bin:/usr/local/libexec/lib/node_modules/npm/bin/node-gyp-bin:/usr/local/lib/node_modules/npm/bin/node-gyp-bin:/usr/local/bin/node_modules/npm/bin/node-gyp-bin:/Users/xiaohuoni/.rvm/gems/ruby-2.5.1/bin:/Users/xiaohuoni/.rvm/gems/ruby-2.5.1@global/bin:/Users/xiaohuoni/.rvm/rubies/ruby-2.5.1/bin:/usr/local/bin:/usr/bin:/bin:/usr/sbin:/sbin:/Library/Apple/usr/bin:/Users/xiaohuoni/.rvm/gems/ruby-2.5.1/bin:/Users/xiaohuoni/.rvm/gems/ruby-2.5.1@global/bin:/Users/xiaohuoni/.rvm/rubies/ruby-2.5.1/bin:/Users/xiaohuoni/.cargo/bin:/Users/xiaohuoni/.rvm/bin',
129 silly getExecOpts     _: '/Users/xiaohuoni/Documents/GitHub/antd-mobile-plus/node_modules/.bin/lerna',
129 silly getExecOpts     npm_package_devDependencies_npm_run_all: '^4.1.5',
129 silly getExecOpts     PWD: '/Users/xiaohuoni/Documents/GitHub/antd-mobile-plus',
129 silly getExecOpts     npm_package_scripts_pub: 'lerna publish --force-publish=*',
129 silly getExecOpts     npm_lifecycle_event: 'pub',
129 silly getExecOpts     npm_package_name: '',
129 silly getExecOpts     LANG: 'en_US.UTF-8',
129 silly getExecOpts     npm_config_version_commit_hooks: 'true',
129 silly getExecOpts     npm_package_scripts_start: 'dumi dev',
129 silly getExecOpts     npm_package_scripts_build: 'dumi build',
129 silly getExecOpts     npm_config_username: 'xiaohuoni',
129 silly getExecOpts     npm_package_devDependencies_dumi: '^1.1.0',
129 silly getExecOpts     XPC_FLAGS: '0x0',
129 silly getExecOpts     _system_arch: 'x86_64',
129 silly getExecOpts     npm_config_bin_links: 'true',
129 silly getExecOpts     npm_package_devDependencies__umijs_utils: '^3.2.25',
129 silly getExecOpts     _system_version: '10.15',
129 silly getExecOpts     npm_package_version: '',
129 silly getExecOpts     XPC_SERVICE_NAME: '0',
129 silly getExecOpts     rvm_version: '1.29.4 (latest)',
129 silly getExecOpts     npm_package_gitHooks_commit_msg: 'node scripts/verifyCommit.js',
129 silly getExecOpts     HOME: '/Users/xiaohuoni',
129 silly getExecOpts     SHLVL: '2',
129 silly getExecOpts     npm_package_scripts_test: 'umi-test --coverage',
129 silly getExecOpts     VSCODE_GIT_ASKPASS_MAIN: '/Applications/Visual Studio Code.app/Contents/Resources/app/extensions/git/dist/askpass-main.js',
129 silly getExecOpts     npm_config_strict_ssl: 'true',
129 silly getExecOpts     npm_config_save_prefix: '^',
129 silly getExecOpts     npm_config_version_git_message: 'v%s',
129 silly getExecOpts     npm_package_scripts_bootstrap: 'lerna bootstrap',
129 silly getExecOpts     npm_package_devDependencies_husky: '^3.1.0',
129 silly getExecOpts     npm_package_scripts_compile: 'father-build',
129 silly getExecOpts     NPM_CONFIG_PYTHON: '/usr/bin/python',
129 silly getExecOpts     npm_package_scripts_format: 'prettier packages/**/*.{ts,tsx} --write && stylelint packages/**/*.less --fix',
129 silly getExecOpts     YARN_WRAP_OUTPUT: 'false',
129 silly getExecOpts     LOGNAME: 'xiaohuoni',
129 silly getExecOpts     LESS: '-R',
129 silly getExecOpts     npm_lifecycle_script: 'lerna publish --force-publish=*',
129 silly getExecOpts     PREFIX: '/usr/local',
129 silly getExecOpts     GEM_PATH: '/Users/xiaohuoni/.rvm/gems/ruby-2.5.1:/Users/xiaohuoni/.rvm/gems/ruby-2.5.1@global',
129 silly getExecOpts     VSCODE_GIT_IPC_HANDLE: '/var/folders/9s/9nwcdfp14s99v2t634mc857c0000gn/T/vscode-git-01b6e99d49.sock',
129 silly getExecOpts     npm_config_user_agent: 'yarn/1.9.4 npm/? node/v12.18.0 darwin x64',
129 silly getExecOpts     npm_config_ignore_scripts: '',
129 silly getExecOpts     npm_config_version_git_sign: '',
129 silly getExecOpts     npm_package_gitHooks_pre_commit: 'npm run ci',
129 silly getExecOpts     npm_package_devDependencies__types_node: '^14.0.27',
129 silly getExecOpts     GIT_ASKPASS: '/Applications/Visual Studio Code.app/Contents/Resources/app/extensions/git/dist/askpass.sh',
129 silly getExecOpts     VSCODE_GIT_ASKPASS_NODE: '/Applications/Visual Studio Code.app/Contents/Frameworks/Code Helper (Renderer).app/Contents/MacOS/Code Helper (Renderer)',
129 silly getExecOpts     npm_package_devDependencies_lerna: '2.11.0',
129 silly getExecOpts     npm_config_ignore_optional: '',
129 silly getExecOpts     npm_config_init_version: '1.0.0',
129 silly getExecOpts     RUBY_VERSION: 'ruby-2.5.1',
129 silly getExecOpts     npm_package_workspaces_0: 'packages/*',
129 silly getExecOpts     _system_name: 'OSX',
129 silly getExecOpts     npm_config_version_tag_prefix: 'v',
129 silly getExecOpts     npm_package_devDependencies_father_build: '^1.18.5',
129 silly getExecOpts     npm_node_execpath: '/usr/local/bin/node',
129 silly getExecOpts     COLORTERM: 'truecolor'
129 silly getExecOpts   }
129 silly getExecOpts }
130 info published @alitajs/tracker
131 silly existsSync /Users/xiaohuoni/Documents/GitHub/antd-mobile-plus/packages/tracker/scripts/postpublish.js
132 verbose execScript No postpublish script found at /Users/xiaohuoni/Documents/GitHub/antd-mobile-plus/packages/tracker/scripts/postpublish.js
133 info published @alitajs/theme
134 silly existsSync /Users/xiaohuoni/Documents/GitHub/antd-mobile-plus/packages/theme/scripts/postpublish.js
135 verbose execScript No postpublish script found at /Users/xiaohuoni/Documents/GitHub/antd-mobile-plus/packages/theme/scripts/postpublish.js
136 error publish Retrying failed publish: @alitajs/languages
137 verbose publish error undefined
138 verbose publishing @alitajs/languages
139 silly publishTaggedInDir latest languages
140 silly getExecOpts {
140 silly getExecOpts   cwd: '/Users/xiaohuoni/Documents/GitHub/antd-mobile-plus/packages/languages',
140 silly getExecOpts   env: {
140 silly getExecOpts     npm_package_devDependencies_lint_staged: '^10.2.11',
140 silly getExecOpts     npm_package_devDependencies_prettier: '^2.1.2',
140 silly getExecOpts     npm_package_scripts_ci: 'npm run lint && npm run compile && npm run test',
140 silly getExecOpts     npm_package_devDependencies__types_babel__traverse: '7.0.15',
140 silly getExecOpts     rvm_bin_path: '/Users/xiaohuoni/.rvm/bin',
140 silly getExecOpts     TERM_PROGRAM: 'vscode',
140 silly getExecOpts     NODE: '/usr/local/bin/node',
140 silly getExecOpts     npm_config_version_git_tag: 'true',
140 silly getExecOpts     GEM_HOME: '/Users/xiaohuoni/.rvm/gems/ruby-2.5.1',
140 silly getExecOpts     INIT_CWD: '/Users/xiaohuoni/Documents/GitHub/antd-mobile-plus',
140 silly getExecOpts     npm_package_devDependencies_dumi_theme_mobile: '^1.0.0',
140 silly getExecOpts     SHELL: '/bin/zsh',
140 silly getExecOpts     TERM: 'xterm-256color',
140 silly getExecOpts     TMPDIR: '/var/folders/9s/9nwcdfp14s99v2t634mc857c0000gn/T/',
140 silly getExecOpts     IRBRC: '/Users/xiaohuoni/.rvm/rubies/ruby-2.5.1/.irbrc',
140 silly getExecOpts     npm_config_email: '448627663@qq.com',
140 silly getExecOpts     npm_config_init_license: 'MIT',
140 silly getExecOpts     npm_package_scripts_lint: 'prettier packages/**/*.{ts,tsx} --check && stylelint packages/**/*.less',
140 silly getExecOpts     TERM_PROGRAM_VERSION: '1.52.1',
140 silly getExecOpts     ORIGINAL_XDG_CURRENT_DESKTOP: 'undefined',
140 silly getExecOpts     npm_package_devDependencies__types_classnames: '^2.2.10',
140 silly getExecOpts     MY_RUBY_HOME: '/Users/xiaohuoni/.rvm/rubies/ruby-2.5.1',
140 silly getExecOpts     npm_config_registry: 'https://registry.npmjs.org',
140 silly getExecOpts     npm_package_private: 'true',
140 silly getExecOpts     npm_package_devDependencies_yorkie: '^2.0.0',
140 silly getExecOpts     ZSH: '/Users/xiaohuoni/.oh-my-zsh',
140 silly getExecOpts     npm_package_devDependencies__types_babel__core: '7.1.12',
140 silly getExecOpts     npm_package_readmeFilename: 'README.md',
140 silly getExecOpts     npm_config_python: '/usr/bin/python',
140 silly getExecOpts     npm_package_devDependencies__testing_library_react: '^10.4.7',
140 silly getExecOpts     npm_package_description: '这是一个使用 antd-mobile@3 中的规范，从新规划的基于 antd-mobile@2 组件的基础上开发的业务组件。',
140 silly getExecOpts     USER: 'xiaohuoni',
140 silly getExecOpts     npm_package_devDependencies__umijs_test: '^3.2.25',
140 silly getExecOpts     _system_type: 'Darwin',
140 silly getExecOpts     rvm_path: '/Users/xiaohuoni/.rvm',
140 silly getExecOpts     npm_package_devDependencies_cnpm: '6.1.1',
140 silly getExecOpts     SSH_AUTH_SOCK: '/private/tmp/com.apple.launchd.YlpYbbazlf/Listeners',
140 silly getExecOpts     npm_package_devDependencies__types_jest: '^26.0.15',
140 silly getExecOpts     __CF_USER_TEXT_ENCODING: '0x1F5:0x19:0x34',
140 silly getExecOpts     npm_execpath: '/usr/local/Cellar/yarn/1.9.4/libexec/bin/yarn.js',
140 silly getExecOpts     PAGER: 'less',
140 silly getExecOpts     npm_package_devDependencies_babel_plugin_version: '^0.2.3',
140 silly getExecOpts     LSCOLORS: 'Gxfxcxdxbxegedabagacad',
140 silly getExecOpts     rvm_prefix: '/Users/xiaohuoni',
140 silly getExecOpts     npm_package_devDependencies__umijs_types: '^3.2.25',
140 silly getExecOpts     npm_config_argv: '{"remain":[],"cooked":["run","pub"],"original":["pub"]}',
140 silly getExecOpts     PATH: '/Users/xiaohuoni/Documents/GitHub/antd-mobile-plus/node_modules/.bin:/Users/xiaohuoni/.config/yarn/link/node_modules/.bin:/Users/xiaohuoni/Documents/GitHub/antd-mobile-plus/node_modules/.bin:/Users/xiaohuoni/Documents/GitHub/antd-mobile-plus/node_modules/.bin:/Users/xiaohuoni/.config/yarn/link/node_modules/.bin:/Users/xiaohuoni/Documents/GitHub/antd-mobile-plus/node_modules/.bin:/usr/local/libexec/lib/node_modules/npm/bin/node-gyp-bin:/usr/local/lib/node_modules/npm/bin/node-gyp-bin:/usr/local/bin/node_modules/npm/bin/node-gyp-bin:/Users/xiaohuoni/.rvm/gems/ruby-2.5.1/bin:/Users/xiaohuoni/.rvm/gems/ruby-2.5.1@global/bin:/Users/xiaohuoni/.rvm/rubies/ruby-2.5.1/bin:/usr/local/bin:/usr/bin:/bin:/usr/sbin:/sbin:/Library/Apple/usr/bin:/Users/xiaohuoni/.rvm/gems/ruby-2.5.1/bin:/Users/xiaohuoni/.rvm/gems/ruby-2.5.1@global/bin:/Users/xiaohuoni/.rvm/rubies/ruby-2.5.1/bin:/Users/xiaohuoni/.cargo/bin:/Users/xiaohuoni/.rvm/bin',
140 silly getExecOpts     _: '/Users/xiaohuoni/Documents/GitHub/antd-mobile-plus/node_modules/.bin/lerna',
140 silly getExecOpts     npm_package_devDependencies_npm_run_all: '^4.1.5',
140 silly getExecOpts     PWD: '/Users/xiaohuoni/Documents/GitHub/antd-mobile-plus',
140 silly getExecOpts     npm_package_scripts_pub: 'lerna publish --force-publish=*',
140 silly getExecOpts     npm_lifecycle_event: 'pub',
140 silly getExecOpts     npm_package_name: '',
140 silly getExecOpts     LANG: 'en_US.UTF-8',
140 silly getExecOpts     npm_config_version_commit_hooks: 'true',
140 silly getExecOpts     npm_package_scripts_start: 'dumi dev',
140 silly getExecOpts     npm_package_scripts_build: 'dumi build',
140 silly getExecOpts     npm_config_username: 'xiaohuoni',
140 silly getExecOpts     npm_package_devDependencies_dumi: '^1.1.0',
140 silly getExecOpts     XPC_FLAGS: '0x0',
140 silly getExecOpts     _system_arch: 'x86_64',
140 silly getExecOpts     npm_config_bin_links: 'true',
140 silly getExecOpts     npm_package_devDependencies__umijs_utils: '^3.2.25',
140 silly getExecOpts     _system_version: '10.15',
140 silly getExecOpts     npm_package_version: '',
140 silly getExecOpts     XPC_SERVICE_NAME: '0',
140 silly getExecOpts     rvm_version: '1.29.4 (latest)',
140 silly getExecOpts     npm_package_gitHooks_commit_msg: 'node scripts/verifyCommit.js',
140 silly getExecOpts     HOME: '/Users/xiaohuoni',
140 silly getExecOpts     SHLVL: '2',
140 silly getExecOpts     npm_package_scripts_test: 'umi-test --coverage',
140 silly getExecOpts     VSCODE_GIT_ASKPASS_MAIN: '/Applications/Visual Studio Code.app/Contents/Resources/app/extensions/git/dist/askpass-main.js',
140 silly getExecOpts     npm_config_strict_ssl: 'true',
140 silly getExecOpts     npm_config_save_prefix: '^',
140 silly getExecOpts     npm_config_version_git_message: 'v%s',
140 silly getExecOpts     npm_package_scripts_bootstrap: 'lerna bootstrap',
140 silly getExecOpts     npm_package_devDependencies_husky: '^3.1.0',
140 silly getExecOpts     npm_package_scripts_compile: 'father-build',
140 silly getExecOpts     NPM_CONFIG_PYTHON: '/usr/bin/python',
140 silly getExecOpts     npm_package_scripts_format: 'prettier packages/**/*.{ts,tsx} --write && stylelint packages/**/*.less --fix',
140 silly getExecOpts     YARN_WRAP_OUTPUT: 'false',
140 silly getExecOpts     LOGNAME: 'xiaohuoni',
140 silly getExecOpts     LESS: '-R',
140 silly getExecOpts     npm_lifecycle_script: 'lerna publish --force-publish=*',
140 silly getExecOpts     PREFIX: '/usr/local',
140 silly getExecOpts     GEM_PATH: '/Users/xiaohuoni/.rvm/gems/ruby-2.5.1:/Users/xiaohuoni/.rvm/gems/ruby-2.5.1@global',
140 silly getExecOpts     VSCODE_GIT_IPC_HANDLE: '/var/folders/9s/9nwcdfp14s99v2t634mc857c0000gn/T/vscode-git-01b6e99d49.sock',
140 silly getExecOpts     npm_config_user_agent: 'yarn/1.9.4 npm/? node/v12.18.0 darwin x64',
140 silly getExecOpts     npm_config_ignore_scripts: '',
140 silly getExecOpts     npm_config_version_git_sign: '',
140 silly getExecOpts     npm_package_gitHooks_pre_commit: 'npm run ci',
140 silly getExecOpts     npm_package_devDependencies__types_node: '^14.0.27',
140 silly getExecOpts     GIT_ASKPASS: '/Applications/Visual Studio Code.app/Contents/Resources/app/extensions/git/dist/askpass.sh',
140 silly getExecOpts     VSCODE_GIT_ASKPASS_NODE: '/Applications/Visual Studio Code.app/Contents/Frameworks/Code Helper (Renderer).app/Contents/MacOS/Code Helper (Renderer)',
140 silly getExecOpts     npm_package_devDependencies_lerna: '2.11.0',
140 silly getExecOpts     npm_config_ignore_optional: '',
140 silly getExecOpts     npm_config_init_version: '1.0.0',
140 silly getExecOpts     RUBY_VERSION: 'ruby-2.5.1',
140 silly getExecOpts     npm_package_workspaces_0: 'packages/*',
140 silly getExecOpts     _system_name: 'OSX',
140 silly getExecOpts     npm_config_version_tag_prefix: 'v',
140 silly getExecOpts     npm_package_devDependencies_father_build: '^1.18.5',
140 silly getExecOpts     npm_node_execpath: '/usr/local/bin/node',
140 silly getExecOpts     COLORTERM: 'truecolor'
140 silly getExecOpts   }
140 silly getExecOpts }
141 error publish Retrying failed publish: @alitajs/languages
142 verbose publish error undefined
143 verbose publishing @alitajs/languages
144 silly publishTaggedInDir latest languages
145 silly getExecOpts {
145 silly getExecOpts   cwd: '/Users/xiaohuoni/Documents/GitHub/antd-mobile-plus/packages/languages',
145 silly getExecOpts   env: {
145 silly getExecOpts     npm_package_devDependencies_lint_staged: '^10.2.11',
145 silly getExecOpts     npm_package_devDependencies_prettier: '^2.1.2',
145 silly getExecOpts     npm_package_scripts_ci: 'npm run lint && npm run compile && npm run test',
145 silly getExecOpts     npm_package_devDependencies__types_babel__traverse: '7.0.15',
145 silly getExecOpts     rvm_bin_path: '/Users/xiaohuoni/.rvm/bin',
145 silly getExecOpts     TERM_PROGRAM: 'vscode',
145 silly getExecOpts     NODE: '/usr/local/bin/node',
145 silly getExecOpts     npm_config_version_git_tag: 'true',
145 silly getExecOpts     GEM_HOME: '/Users/xiaohuoni/.rvm/gems/ruby-2.5.1',
145 silly getExecOpts     INIT_CWD: '/Users/xiaohuoni/Documents/GitHub/antd-mobile-plus',
145 silly getExecOpts     npm_package_devDependencies_dumi_theme_mobile: '^1.0.0',
145 silly getExecOpts     SHELL: '/bin/zsh',
145 silly getExecOpts     TERM: 'xterm-256color',
145 silly getExecOpts     TMPDIR: '/var/folders/9s/9nwcdfp14s99v2t634mc857c0000gn/T/',
145 silly getExecOpts     IRBRC: '/Users/xiaohuoni/.rvm/rubies/ruby-2.5.1/.irbrc',
145 silly getExecOpts     npm_config_email: '448627663@qq.com',
145 silly getExecOpts     npm_config_init_license: 'MIT',
145 silly getExecOpts     npm_package_scripts_lint: 'prettier packages/**/*.{ts,tsx} --check && stylelint packages/**/*.less',
145 silly getExecOpts     TERM_PROGRAM_VERSION: '1.52.1',
145 silly getExecOpts     ORIGINAL_XDG_CURRENT_DESKTOP: 'undefined',
145 silly getExecOpts     npm_package_devDependencies__types_classnames: '^2.2.10',
145 silly getExecOpts     MY_RUBY_HOME: '/Users/xiaohuoni/.rvm/rubies/ruby-2.5.1',
145 silly getExecOpts     npm_config_registry: 'https://registry.npmjs.org',
145 silly getExecOpts     npm_package_private: 'true',
145 silly getExecOpts     npm_package_devDependencies_yorkie: '^2.0.0',
145 silly getExecOpts     ZSH: '/Users/xiaohuoni/.oh-my-zsh',
145 silly getExecOpts     npm_package_devDependencies__types_babel__core: '7.1.12',
145 silly getExecOpts     npm_package_readmeFilename: 'README.md',
145 silly getExecOpts     npm_config_python: '/usr/bin/python',
145 silly getExecOpts     npm_package_devDependencies__testing_library_react: '^10.4.7',
145 silly getExecOpts     npm_package_description: '这是一个使用 antd-mobile@3 中的规范，从新规划的基于 antd-mobile@2 组件的基础上开发的业务组件。',
145 silly getExecOpts     USER: 'xiaohuoni',
145 silly getExecOpts     npm_package_devDependencies__umijs_test: '^3.2.25',
145 silly getExecOpts     _system_type: 'Darwin',
145 silly getExecOpts     rvm_path: '/Users/xiaohuoni/.rvm',
145 silly getExecOpts     npm_package_devDependencies_cnpm: '6.1.1',
145 silly getExecOpts     SSH_AUTH_SOCK: '/private/tmp/com.apple.launchd.YlpYbbazlf/Listeners',
145 silly getExecOpts     npm_package_devDependencies__types_jest: '^26.0.15',
145 silly getExecOpts     __CF_USER_TEXT_ENCODING: '0x1F5:0x19:0x34',
145 silly getExecOpts     npm_execpath: '/usr/local/Cellar/yarn/1.9.4/libexec/bin/yarn.js',
145 silly getExecOpts     PAGER: 'less',
145 silly getExecOpts     npm_package_devDependencies_babel_plugin_version: '^0.2.3',
145 silly getExecOpts     LSCOLORS: 'Gxfxcxdxbxegedabagacad',
145 silly getExecOpts     rvm_prefix: '/Users/xiaohuoni',
145 silly getExecOpts     npm_package_devDependencies__umijs_types: '^3.2.25',
145 silly getExecOpts     npm_config_argv: '{"remain":[],"cooked":["run","pub"],"original":["pub"]}',
145 silly getExecOpts     PATH: '/Users/xiaohuoni/Documents/GitHub/antd-mobile-plus/node_modules/.bin:/Users/xiaohuoni/.config/yarn/link/node_modules/.bin:/Users/xiaohuoni/Documents/GitHub/antd-mobile-plus/node_modules/.bin:/Users/xiaohuoni/Documents/GitHub/antd-mobile-plus/node_modules/.bin:/Users/xiaohuoni/.config/yarn/link/node_modules/.bin:/Users/xiaohuoni/Documents/GitHub/antd-mobile-plus/node_modules/.bin:/usr/local/libexec/lib/node_modules/npm/bin/node-gyp-bin:/usr/local/lib/node_modules/npm/bin/node-gyp-bin:/usr/local/bin/node_modules/npm/bin/node-gyp-bin:/Users/xiaohuoni/.rvm/gems/ruby-2.5.1/bin:/Users/xiaohuoni/.rvm/gems/ruby-2.5.1@global/bin:/Users/xiaohuoni/.rvm/rubies/ruby-2.5.1/bin:/usr/local/bin:/usr/bin:/bin:/usr/sbin:/sbin:/Library/Apple/usr/bin:/Users/xiaohuoni/.rvm/gems/ruby-2.5.1/bin:/Users/xiaohuoni/.rvm/gems/ruby-2.5.1@global/bin:/Users/xiaohuoni/.rvm/rubies/ruby-2.5.1/bin:/Users/xiaohuoni/.cargo/bin:/Users/xiaohuoni/.rvm/bin',
145 silly getExecOpts     _: '/Users/xiaohuoni/Documents/GitHub/antd-mobile-plus/node_modules/.bin/lerna',
145 silly getExecOpts     npm_package_devDependencies_npm_run_all: '^4.1.5',
145 silly getExecOpts     PWD: '/Users/xiaohuoni/Documents/GitHub/antd-mobile-plus',
145 silly getExecOpts     npm_package_scripts_pub: 'lerna publish --force-publish=*',
145 silly getExecOpts     npm_lifecycle_event: 'pub',
145 silly getExecOpts     npm_package_name: '',
145 silly getExecOpts     LANG: 'en_US.UTF-8',
145 silly getExecOpts     npm_config_version_commit_hooks: 'true',
145 silly getExecOpts     npm_package_scripts_start: 'dumi dev',
145 silly getExecOpts     npm_package_scripts_build: 'dumi build',
145 silly getExecOpts     npm_config_username: 'xiaohuoni',
145 silly getExecOpts     npm_package_devDependencies_dumi: '^1.1.0',
145 silly getExecOpts     XPC_FLAGS: '0x0',
145 silly getExecOpts     _system_arch: 'x86_64',
145 silly getExecOpts     npm_config_bin_links: 'true',
145 silly getExecOpts     npm_package_devDependencies__umijs_utils: '^3.2.25',
145 silly getExecOpts     _system_version: '10.15',
145 silly getExecOpts     npm_package_version: '',
145 silly getExecOpts     XPC_SERVICE_NAME: '0',
145 silly getExecOpts     rvm_version: '1.29.4 (latest)',
145 silly getExecOpts     npm_package_gitHooks_commit_msg: 'node scripts/verifyCommit.js',
145 silly getExecOpts     HOME: '/Users/xiaohuoni',
145 silly getExecOpts     SHLVL: '2',
145 silly getExecOpts     npm_package_scripts_test: 'umi-test --coverage',
145 silly getExecOpts     VSCODE_GIT_ASKPASS_MAIN: '/Applications/Visual Studio Code.app/Contents/Resources/app/extensions/git/dist/askpass-main.js',
145 silly getExecOpts     npm_config_strict_ssl: 'true',
145 silly getExecOpts     npm_config_save_prefix: '^',
145 silly getExecOpts     npm_config_version_git_message: 'v%s',
145 silly getExecOpts     npm_package_scripts_bootstrap: 'lerna bootstrap',
145 silly getExecOpts     npm_package_devDependencies_husky: '^3.1.0',
145 silly getExecOpts     npm_package_scripts_compile: 'father-build',
145 silly getExecOpts     NPM_CONFIG_PYTHON: '/usr/bin/python',
145 silly getExecOpts     npm_package_scripts_format: 'prettier packages/**/*.{ts,tsx} --write && stylelint packages/**/*.less --fix',
145 silly getExecOpts     YARN_WRAP_OUTPUT: 'false',
145 silly getExecOpts     LOGNAME: 'xiaohuoni',
145 silly getExecOpts     LESS: '-R',
145 silly getExecOpts     npm_lifecycle_script: 'lerna publish --force-publish=*',
145 silly getExecOpts     PREFIX: '/usr/local',
145 silly getExecOpts     GEM_PATH: '/Users/xiaohuoni/.rvm/gems/ruby-2.5.1:/Users/xiaohuoni/.rvm/gems/ruby-2.5.1@global',
145 silly getExecOpts     VSCODE_GIT_IPC_HANDLE: '/var/folders/9s/9nwcdfp14s99v2t634mc857c0000gn/T/vscode-git-01b6e99d49.sock',
145 silly getExecOpts     npm_config_user_agent: 'yarn/1.9.4 npm/? node/v12.18.0 darwin x64',
145 silly getExecOpts     npm_config_ignore_scripts: '',
145 silly getExecOpts     npm_config_version_git_sign: '',
145 silly getExecOpts     npm_package_gitHooks_pre_commit: 'npm run ci',
145 silly getExecOpts     npm_package_devDependencies__types_node: '^14.0.27',
145 silly getExecOpts     GIT_ASKPASS: '/Applications/Visual Studio Code.app/Contents/Resources/app/extensions/git/dist/askpass.sh',
145 silly getExecOpts     VSCODE_GIT_ASKPASS_NODE: '/Applications/Visual Studio Code.app/Contents/Frameworks/Code Helper (Renderer).app/Contents/MacOS/Code Helper (Renderer)',
145 silly getExecOpts     npm_package_devDependencies_lerna: '2.11.0',
145 silly getExecOpts     npm_config_ignore_optional: '',
145 silly getExecOpts     npm_config_init_version: '1.0.0',
145 silly getExecOpts     RUBY_VERSION: 'ruby-2.5.1',
145 silly getExecOpts     npm_package_workspaces_0: 'packages/*',
145 silly getExecOpts     _system_name: 'OSX',
145 silly getExecOpts     npm_config_version_tag_prefix: 'v',
145 silly getExecOpts     npm_package_devDependencies_father_build: '^1.18.5',
145 silly getExecOpts     npm_node_execpath: '/usr/local/bin/node',
145 silly getExecOpts     COLORTERM: 'truecolor'
145 silly getExecOpts   }
145 silly getExecOpts }
146 error publish Retrying failed publish: @alitajs/languages
147 verbose publish error undefined
148 verbose publishing @alitajs/languages
149 silly publishTaggedInDir latest languages
150 silly getExecOpts {
150 silly getExecOpts   cwd: '/Users/xiaohuoni/Documents/GitHub/antd-mobile-plus/packages/languages',
150 silly getExecOpts   env: {
150 silly getExecOpts     npm_package_devDependencies_lint_staged: '^10.2.11',
150 silly getExecOpts     npm_package_devDependencies_prettier: '^2.1.2',
150 silly getExecOpts     npm_package_scripts_ci: 'npm run lint && npm run compile && npm run test',
150 silly getExecOpts     npm_package_devDependencies__types_babel__traverse: '7.0.15',
150 silly getExecOpts     rvm_bin_path: '/Users/xiaohuoni/.rvm/bin',
150 silly getExecOpts     TERM_PROGRAM: 'vscode',
150 silly getExecOpts     NODE: '/usr/local/bin/node',
150 silly getExecOpts     npm_config_version_git_tag: 'true',
150 silly getExecOpts     GEM_HOME: '/Users/xiaohuoni/.rvm/gems/ruby-2.5.1',
150 silly getExecOpts     INIT_CWD: '/Users/xiaohuoni/Documents/GitHub/antd-mobile-plus',
150 silly getExecOpts     npm_package_devDependencies_dumi_theme_mobile: '^1.0.0',
150 silly getExecOpts     SHELL: '/bin/zsh',
150 silly getExecOpts     TERM: 'xterm-256color',
150 silly getExecOpts     TMPDIR: '/var/folders/9s/9nwcdfp14s99v2t634mc857c0000gn/T/',
150 silly getExecOpts     IRBRC: '/Users/xiaohuoni/.rvm/rubies/ruby-2.5.1/.irbrc',
150 silly getExecOpts     npm_config_email: '448627663@qq.com',
150 silly getExecOpts     npm_config_init_license: 'MIT',
150 silly getExecOpts     npm_package_scripts_lint: 'prettier packages/**/*.{ts,tsx} --check && stylelint packages/**/*.less',
150 silly getExecOpts     TERM_PROGRAM_VERSION: '1.52.1',
150 silly getExecOpts     ORIGINAL_XDG_CURRENT_DESKTOP: 'undefined',
150 silly getExecOpts     npm_package_devDependencies__types_classnames: '^2.2.10',
150 silly getExecOpts     MY_RUBY_HOME: '/Users/xiaohuoni/.rvm/rubies/ruby-2.5.1',
150 silly getExecOpts     npm_config_registry: 'https://registry.npmjs.org',
150 silly getExecOpts     npm_package_private: 'true',
150 silly getExecOpts     npm_package_devDependencies_yorkie: '^2.0.0',
150 silly getExecOpts     ZSH: '/Users/xiaohuoni/.oh-my-zsh',
150 silly getExecOpts     npm_package_devDependencies__types_babel__core: '7.1.12',
150 silly getExecOpts     npm_package_readmeFilename: 'README.md',
150 silly getExecOpts     npm_config_python: '/usr/bin/python',
150 silly getExecOpts     npm_package_devDependencies__testing_library_react: '^10.4.7',
150 silly getExecOpts     npm_package_description: '这是一个使用 antd-mobile@3 中的规范，从新规划的基于 antd-mobile@2 组件的基础上开发的业务组件。',
150 silly getExecOpts     USER: 'xiaohuoni',
150 silly getExecOpts     npm_package_devDependencies__umijs_test: '^3.2.25',
150 silly getExecOpts     _system_type: 'Darwin',
150 silly getExecOpts     rvm_path: '/Users/xiaohuoni/.rvm',
150 silly getExecOpts     npm_package_devDependencies_cnpm: '6.1.1',
150 silly getExecOpts     SSH_AUTH_SOCK: '/private/tmp/com.apple.launchd.YlpYbbazlf/Listeners',
150 silly getExecOpts     npm_package_devDependencies__types_jest: '^26.0.15',
150 silly getExecOpts     __CF_USER_TEXT_ENCODING: '0x1F5:0x19:0x34',
150 silly getExecOpts     npm_execpath: '/usr/local/Cellar/yarn/1.9.4/libexec/bin/yarn.js',
150 silly getExecOpts     PAGER: 'less',
150 silly getExecOpts     npm_package_devDependencies_babel_plugin_version: '^0.2.3',
150 silly getExecOpts     LSCOLORS: 'Gxfxcxdxbxegedabagacad',
150 silly getExecOpts     rvm_prefix: '/Users/xiaohuoni',
150 silly getExecOpts     npm_package_devDependencies__umijs_types: '^3.2.25',
150 silly getExecOpts     npm_config_argv: '{"remain":[],"cooked":["run","pub"],"original":["pub"]}',
150 silly getExecOpts     PATH: '/Users/xiaohuoni/Documents/GitHub/antd-mobile-plus/node_modules/.bin:/Users/xiaohuoni/.config/yarn/link/node_modules/.bin:/Users/xiaohuoni/Documents/GitHub/antd-mobile-plus/node_modules/.bin:/Users/xiaohuoni/Documents/GitHub/antd-mobile-plus/node_modules/.bin:/Users/xiaohuoni/.config/yarn/link/node_modules/.bin:/Users/xiaohuoni/Documents/GitHub/antd-mobile-plus/node_modules/.bin:/usr/local/libexec/lib/node_modules/npm/bin/node-gyp-bin:/usr/local/lib/node_modules/npm/bin/node-gyp-bin:/usr/local/bin/node_modules/npm/bin/node-gyp-bin:/Users/xiaohuoni/.rvm/gems/ruby-2.5.1/bin:/Users/xiaohuoni/.rvm/gems/ruby-2.5.1@global/bin:/Users/xiaohuoni/.rvm/rubies/ruby-2.5.1/bin:/usr/local/bin:/usr/bin:/bin:/usr/sbin:/sbin:/Library/Apple/usr/bin:/Users/xiaohuoni/.rvm/gems/ruby-2.5.1/bin:/Users/xiaohuoni/.rvm/gems/ruby-2.5.1@global/bin:/Users/xiaohuoni/.rvm/rubies/ruby-2.5.1/bin:/Users/xiaohuoni/.cargo/bin:/Users/xiaohuoni/.rvm/bin',
150 silly getExecOpts     _: '/Users/xiaohuoni/Documents/GitHub/antd-mobile-plus/node_modules/.bin/lerna',
150 silly getExecOpts     npm_package_devDependencies_npm_run_all: '^4.1.5',
150 silly getExecOpts     PWD: '/Users/xiaohuoni/Documents/GitHub/antd-mobile-plus',
150 silly getExecOpts     npm_package_scripts_pub: 'lerna publish --force-publish=*',
150 silly getExecOpts     npm_lifecycle_event: 'pub',
150 silly getExecOpts     npm_package_name: '',
150 silly getExecOpts     LANG: 'en_US.UTF-8',
150 silly getExecOpts     npm_config_version_commit_hooks: 'true',
150 silly getExecOpts     npm_package_scripts_start: 'dumi dev',
150 silly getExecOpts     npm_package_scripts_build: 'dumi build',
150 silly getExecOpts     npm_config_username: 'xiaohuoni',
150 silly getExecOpts     npm_package_devDependencies_dumi: '^1.1.0',
150 silly getExecOpts     XPC_FLAGS: '0x0',
150 silly getExecOpts     _system_arch: 'x86_64',
150 silly getExecOpts     npm_config_bin_links: 'true',
150 silly getExecOpts     npm_package_devDependencies__umijs_utils: '^3.2.25',
150 silly getExecOpts     _system_version: '10.15',
150 silly getExecOpts     npm_package_version: '',
150 silly getExecOpts     XPC_SERVICE_NAME: '0',
150 silly getExecOpts     rvm_version: '1.29.4 (latest)',
150 silly getExecOpts     npm_package_gitHooks_commit_msg: 'node scripts/verifyCommit.js',
150 silly getExecOpts     HOME: '/Users/xiaohuoni',
150 silly getExecOpts     SHLVL: '2',
150 silly getExecOpts     npm_package_scripts_test: 'umi-test --coverage',
150 silly getExecOpts     VSCODE_GIT_ASKPASS_MAIN: '/Applications/Visual Studio Code.app/Contents/Resources/app/extensions/git/dist/askpass-main.js',
150 silly getExecOpts     npm_config_strict_ssl: 'true',
150 silly getExecOpts     npm_config_save_prefix: '^',
150 silly getExecOpts     npm_config_version_git_message: 'v%s',
150 silly getExecOpts     npm_package_scripts_bootstrap: 'lerna bootstrap',
150 silly getExecOpts     npm_package_devDependencies_husky: '^3.1.0',
150 silly getExecOpts     npm_package_scripts_compile: 'father-build',
150 silly getExecOpts     NPM_CONFIG_PYTHON: '/usr/bin/python',
150 silly getExecOpts     npm_package_scripts_format: 'prettier packages/**/*.{ts,tsx} --write && stylelint packages/**/*.less --fix',
150 silly getExecOpts     YARN_WRAP_OUTPUT: 'false',
150 silly getExecOpts     LOGNAME: 'xiaohuoni',
150 silly getExecOpts     LESS: '-R',
150 silly getExecOpts     npm_lifecycle_script: 'lerna publish --force-publish=*',
150 silly getExecOpts     PREFIX: '/usr/local',
150 silly getExecOpts     GEM_PATH: '/Users/xiaohuoni/.rvm/gems/ruby-2.5.1:/Users/xiaohuoni/.rvm/gems/ruby-2.5.1@global',
150 silly getExecOpts     VSCODE_GIT_IPC_HANDLE: '/var/folders/9s/9nwcdfp14s99v2t634mc857c0000gn/T/vscode-git-01b6e99d49.sock',
150 silly getExecOpts     npm_config_user_agent: 'yarn/1.9.4 npm/? node/v12.18.0 darwin x64',
150 silly getExecOpts     npm_config_ignore_scripts: '',
150 silly getExecOpts     npm_config_version_git_sign: '',
150 silly getExecOpts     npm_package_gitHooks_pre_commit: 'npm run ci',
150 silly getExecOpts     npm_package_devDependencies__types_node: '^14.0.27',
150 silly getExecOpts     GIT_ASKPASS: '/Applications/Visual Studio Code.app/Contents/Resources/app/extensions/git/dist/askpass.sh',
150 silly getExecOpts     VSCODE_GIT_ASKPASS_NODE: '/Applications/Visual Studio Code.app/Contents/Frameworks/Code Helper (Renderer).app/Contents/MacOS/Code Helper (Renderer)',
150 silly getExecOpts     npm_package_devDependencies_lerna: '2.11.0',
150 silly getExecOpts     npm_config_ignore_optional: '',
150 silly getExecOpts     npm_config_init_version: '1.0.0',
150 silly getExecOpts     RUBY_VERSION: 'ruby-2.5.1',
150 silly getExecOpts     npm_package_workspaces_0: 'packages/*',
150 silly getExecOpts     _system_name: 'OSX',
150 silly getExecOpts     npm_config_version_tag_prefix: 'v',
150 silly getExecOpts     npm_package_devDependencies_father_build: '^1.18.5',
150 silly getExecOpts     npm_node_execpath: '/usr/local/bin/node',
150 silly getExecOpts     COLORTERM: 'truecolor'
150 silly getExecOpts   }
150 silly getExecOpts }
151 error publish Ran out of retries while publishing @alitajs/languages Error: Command failed: yarn publish --tag latest --new-version 0.0.2
151 error publish warning package.json: No license field
151 error publish warning package.json: No license field
151 error publish error Couldn't publish package: "https://registry.npmjs.org/@alitajs%2flanguages: You must sign up for private packages"
151 error publish [1/4] Bumping version...
151 error publish info Current version: 0.0.2
151 error publish [2/4] Logging in...
151 error publish [3/4] Publishing...
151 error publish info Visit https://yarnpkg.com/en/docs/cli/publish for documentation about this command.
151 error publish
151 error publish     at /Users/xiaohuoni/Documents/GitHub/antd-mobile-plus/node_modules/lerna/node_modules/execa/index.js:236:11
151 error publish     at processTicksAndRejections (internal/process/task_queues.js:97:5)
152 error execute callback with error
153 error Error: Command failed: yarn publish --tag latest --new-version 0.0.2
153 error warning package.json: No license field
153 error warning package.json: No license field
153 error error Couldn't publish package: "https://registry.npmjs.org/@alitajs%2flanguages: You must sign up for private packages"
153 error [1/4] Bumping version...
153 error info Current version: 0.0.2
153 error [2/4] Logging in...
153 error [3/4] Publishing...
153 error info Visit https://yarnpkg.com/en/docs/cli/publish for documentation about this command.
153 error
153 error     at /Users/xiaohuoni/Documents/GitHub/antd-mobile-plus/node_modules/lerna/node_modules/execa/index.js:236:11
